<?xml version="1.0" encoding="UTF-8"?>
<testng-results ignored="0" total="31" passed="31" failed="0" skipped="0">
  <reporter-output>
  </reporter-output>
  <suite started-at="2026-03-26T10:26:22 NPT" name="Suite" finished-at="2026-03-26T10:33:55 NPT" duration-ms="452467">
    <groups>
    </groups>
    <test started-at="2026-03-26T10:26:22 NPT" name="Chrome Test" finished-at="2026-03-26T10:33:55 NPT" duration-ms="452467">
      <class name="tests.CusRegTest">
        <test-method is-config="true" signature="setUp()[pri:0, instance:tests.CusRegTest@49edcb30]" started-at="2026-03-26T10:26:22 NPT" name="setUp" finished-at="2026-03-26T10:26:42 NPT" duration-ms="19614" status="PASS">
          <reporter-output>
          </reporter-output>
        </test-method> <!-- setUp -->
        <test-method is-config="true" signature="pageSetup()[pri:0, instance:tests.CusRegTest@49edcb30]" started-at="2026-03-26T10:26:42 NPT" name="pageSetup" finished-at="2026-03-26T10:26:42 NPT" duration-ms="62" status="PASS">
          <reporter-output>
          </reporter-output>
        </test-method> <!-- pageSetup -->
        <test-method is-config="true" signature="initSoftAssert()[pri:0, instance:tests.CusRegTest@49edcb30]" started-at="2026-03-26T10:26:42 NPT" name="initSoftAssert" finished-at="2026-03-26T10:26:42 NPT" duration-ms="17" status="PASS">
          <reporter-output>
          </reporter-output>
        </test-method> <!-- initSoftAssert -->
        <test-method is-config="true" signature="setupSoftAssert()[pri:0, instance:tests.CusRegTest@49edcb30]" started-at="2026-03-26T10:26:42 NPT" name="setupSoftAssert" finished-at="2026-03-26T10:26:42 NPT" duration-ms="1" status="PASS">
          <reporter-output>
          </reporter-output>
        </test-method> <!-- setupSoftAssert -->
        <test-method signature="verifyCustomerRegistration()[pri:1, instance:tests.CusRegTest@49edcb30]" started-at="2026-03-26T10:26:42 NPT" name="verifyCustomerRegistration" description="Verify Customer Registration" finished-at="2026-03-26T10:27:00 NPT" duration-ms="17506" status="PASS">
          <reporter-output>
          </reporter-output>
        </test-method> <!-- verifyCustomerRegistration -->
        <test-method is-config="true" signature="initSoftAssert()[pri:0, instance:tests.CusRegTest@49edcb30]" started-at="2026-03-26T10:27:00 NPT" name="initSoftAssert" finished-at="2026-03-26T10:27:00 NPT" duration-ms="10" status="PASS">
          <reporter-output>
          </reporter-output>
        </test-method> <!-- initSoftAssert -->
        <test-method is-config="true" signature="setupSoftAssert()[pri:0, instance:tests.CusRegTest@49edcb30]" started-at="2026-03-26T10:27:00 NPT" name="setupSoftAssert" finished-at="2026-03-26T10:27:00 NPT" duration-ms="1" status="PASS">
          <reporter-output>
          </reporter-output>
        </test-method> <!-- setupSoftAssert -->
        <test-method signature="verifyIdentityDetails()[pri:2, instance:tests.CusRegTest@49edcb30]" started-at="2026-03-26T10:27:00 NPT" name="verifyIdentityDetails" description="Verify Identity Details" finished-at="2026-03-26T10:27:11 NPT" duration-ms="11300" status="PASS">
          <reporter-output>
          </reporter-output>
        </test-method> <!-- verifyIdentityDetails -->
        <test-method is-config="true" signature="initSoftAssert()[pri:0, instance:tests.CusRegTest@49edcb30]" started-at="2026-03-26T10:27:11 NPT" name="initSoftAssert" finished-at="2026-03-26T10:27:11 NPT" duration-ms="3" status="PASS">
          <reporter-output>
          </reporter-output>
        </test-method> <!-- initSoftAssert -->
        <test-method is-config="true" signature="setupSoftAssert()[pri:0, instance:tests.CusRegTest@49edcb30]" started-at="2026-03-26T10:27:11 NPT" name="setupSoftAssert" finished-at="2026-03-26T10:27:11 NPT" duration-ms="3" status="PASS">
          <reporter-output>
          </reporter-output>
        </test-method> <!-- setupSoftAssert -->
        <test-method signature="verifyCommunicationDetails()[pri:3, instance:tests.CusRegTest@49edcb30]" started-at="2026-03-26T10:27:11 NPT" name="verifyCommunicationDetails" description="Verify Communication Details" finished-at="2026-03-26T10:27:23 NPT" duration-ms="11219" status="PASS">
          <reporter-output>
          </reporter-output>
        </test-method> <!-- verifyCommunicationDetails -->
        <test-method is-config="true" signature="initSoftAssert()[pri:0, instance:tests.CusRegTest@49edcb30]" started-at="2026-03-26T10:27:23 NPT" name="initSoftAssert" finished-at="2026-03-26T10:27:23 NPT" duration-ms="2" status="PASS">
          <reporter-output>
          </reporter-output>
        </test-method> <!-- initSoftAssert -->
        <test-method is-config="true" signature="setupSoftAssert()[pri:0, instance:tests.CusRegTest@49edcb30]" started-at="2026-03-26T10:27:23 NPT" name="setupSoftAssert" finished-at="2026-03-26T10:27:23 NPT" duration-ms="1" status="PASS">
          <reporter-output>
          </reporter-output>
        </test-method> <!-- setupSoftAssert -->
        <test-method signature="verifyDocumentDetails()[pri:4, instance:tests.CusRegTest@49edcb30]" started-at="2026-03-26T10:27:23 NPT" name="verifyDocumentDetails" description="Verify Document Details" finished-at="2026-03-26T10:27:26 NPT" duration-ms="3925" status="PASS">
          <reporter-output>
          </reporter-output>
        </test-method> <!-- verifyDocumentDetails -->
        <test-method is-config="true" signature="initSoftAssert()[pri:0, instance:tests.CusRegTest@49edcb30]" started-at="2026-03-26T10:27:26 NPT" name="initSoftAssert" finished-at="2026-03-26T10:27:26 NPT" duration-ms="0" status="PASS">
          <reporter-output>
          </reporter-output>
        </test-method> <!-- initSoftAssert -->
        <test-method is-config="true" signature="setupSoftAssert()[pri:0, instance:tests.CusRegTest@49edcb30]" started-at="2026-03-26T10:27:26 NPT" name="setupSoftAssert" finished-at="2026-03-26T10:27:26 NPT" duration-ms="0" status="PASS">
          <reporter-output>
          </reporter-output>
        </test-method> <!-- setupSoftAssert -->
        <test-method signature="verifyAddressDetails()[pri:5, instance:tests.CusRegTest@49edcb30]" started-at="2026-03-26T10:27:26 NPT" name="verifyAddressDetails" description="Verify Address Details" finished-at="2026-03-26T10:27:53 NPT" duration-ms="26602" status="PASS">
          <reporter-output>
          </reporter-output>
        </test-method> <!-- verifyAddressDetails -->
        <test-method is-config="true" signature="initSoftAssert()[pri:0, instance:tests.CusRegTest@49edcb30]" started-at="2026-03-26T10:27:53 NPT" name="initSoftAssert" finished-at="2026-03-26T10:27:53 NPT" duration-ms="1" status="PASS">
          <reporter-output>
          </reporter-output>
        </test-method> <!-- initSoftAssert -->
        <test-method is-config="true" signature="setupSoftAssert()[pri:0, instance:tests.CusRegTest@49edcb30]" started-at="2026-03-26T10:27:53 NPT" name="setupSoftAssert" finished-at="2026-03-26T10:27:53 NPT" duration-ms="1" status="PASS">
          <reporter-output>
          </reporter-output>
        </test-method> <!-- setupSoftAssert -->
        <test-method signature="verifyHighProfileDetails()[pri:6, instance:tests.CusRegTest@49edcb30]" started-at="2026-03-26T10:27:53 NPT" name="verifyHighProfileDetails" description="Verify High Profile Details" finished-at="2026-03-26T10:28:32 NPT" duration-ms="38495" status="PASS">
          <reporter-output>
          </reporter-output>
        </test-method> <!-- verifyHighProfileDetails -->
        <test-method is-config="true" signature="initSoftAssert()[pri:0, instance:tests.CusRegTest@49edcb30]" started-at="2026-03-26T10:28:32 NPT" name="initSoftAssert" finished-at="2026-03-26T10:28:32 NPT" duration-ms="2" status="PASS">
          <reporter-output>
          </reporter-output>
        </test-method> <!-- initSoftAssert -->
        <test-method is-config="true" signature="setupSoftAssert()[pri:0, instance:tests.CusRegTest@49edcb30]" started-at="2026-03-26T10:28:32 NPT" name="setupSoftAssert" finished-at="2026-03-26T10:28:32 NPT" duration-ms="2" status="PASS">
          <reporter-output>
          </reporter-output>
        </test-method> <!-- setupSoftAssert -->
        <test-method signature="verifyTransactionDetails()[pri:7, instance:tests.CusRegTest@49edcb30]" started-at="2026-03-26T10:28:32 NPT" name="verifyTransactionDetails" description="Verify Transaction Details" finished-at="2026-03-26T10:28:35 NPT" duration-ms="3249" status="PASS">
          <reporter-output>
          </reporter-output>
        </test-method> <!-- verifyTransactionDetails -->
        <test-method is-config="true" signature="initSoftAssert()[pri:0, instance:tests.CusRegTest@49edcb30]" started-at="2026-03-26T10:28:35 NPT" name="initSoftAssert" finished-at="2026-03-26T10:28:35 NPT" duration-ms="1" status="PASS">
          <reporter-output>
          </reporter-output>
        </test-method> <!-- initSoftAssert -->
        <test-method is-config="true" signature="setupSoftAssert()[pri:0, instance:tests.CusRegTest@49edcb30]" started-at="2026-03-26T10:28:35 NPT" name="setupSoftAssert" finished-at="2026-03-26T10:28:35 NPT" duration-ms="0" status="PASS">
          <reporter-output>
          </reporter-output>
        </test-method> <!-- setupSoftAssert -->
        <test-method signature="verifyCashFlowDetails()[pri:8, instance:tests.CusRegTest@49edcb30]" started-at="2026-03-26T10:28:35 NPT" name="verifyCashFlowDetails" description="Verify Cash Flow Details" finished-at="2026-03-26T10:28:45 NPT" duration-ms="9726" status="PASS">
          <reporter-output>
          </reporter-output>
        </test-method> <!-- verifyCashFlowDetails -->
        <test-method is-config="true" signature="initSoftAssert()[pri:0, instance:tests.CusRegTest@49edcb30]" started-at="2026-03-26T10:28:45 NPT" name="initSoftAssert" finished-at="2026-03-26T10:28:45 NPT" duration-ms="0" status="PASS">
          <reporter-output>
          </reporter-output>
        </test-method> <!-- initSoftAssert -->
        <test-method is-config="true" signature="setupSoftAssert()[pri:0, instance:tests.CusRegTest@49edcb30]" started-at="2026-03-26T10:28:45 NPT" name="setupSoftAssert" finished-at="2026-03-26T10:28:45 NPT" duration-ms="0" status="PASS">
          <reporter-output>
          </reporter-output>
        </test-method> <!-- setupSoftAssert -->
        <test-method signature="verifyExposureDetails()[pri:9, instance:tests.CusRegTest@49edcb30]" started-at="2026-03-26T10:28:45 NPT" name="verifyExposureDetails" description="Verify Exposure Details" finished-at="2026-03-26T10:28:55 NPT" duration-ms="10134" status="PASS">
          <reporter-output>
          </reporter-output>
        </test-method> <!-- verifyExposureDetails -->
        <test-method is-config="true" signature="initSoftAssert()[pri:0, instance:tests.CusRegTest@49edcb30]" started-at="2026-03-26T10:28:55 NPT" name="initSoftAssert" finished-at="2026-03-26T10:28:55 NPT" duration-ms="0" status="PASS">
          <reporter-output>
          </reporter-output>
        </test-method> <!-- initSoftAssert -->
        <test-method is-config="true" signature="setupSoftAssert()[pri:0, instance:tests.CusRegTest@49edcb30]" started-at="2026-03-26T10:28:55 NPT" name="setupSoftAssert" finished-at="2026-03-26T10:28:55 NPT" duration-ms="1" status="PASS">
          <reporter-output>
          </reporter-output>
        </test-method> <!-- setupSoftAssert -->
        <test-method signature="verifyEmploymentDetails()[pri:10, instance:tests.CusRegTest@49edcb30]" started-at="2026-03-26T10:28:55 NPT" name="verifyEmploymentDetails" description="Verify Employment Details" finished-at="2026-03-26T10:29:07 NPT" duration-ms="12459" status="PASS">
          <reporter-output>
          </reporter-output>
        </test-method> <!-- verifyEmploymentDetails -->
        <test-method is-config="true" signature="initSoftAssert()[pri:0, instance:tests.CusRegTest@49edcb30]" started-at="2026-03-26T10:29:07 NPT" name="initSoftAssert" finished-at="2026-03-26T10:29:07 NPT" duration-ms="3" status="PASS">
          <reporter-output>
          </reporter-output>
        </test-method> <!-- initSoftAssert -->
        <test-method is-config="true" signature="setupSoftAssert()[pri:0, instance:tests.CusRegTest@49edcb30]" started-at="2026-03-26T10:29:07 NPT" name="setupSoftAssert" finished-at="2026-03-26T10:29:07 NPT" duration-ms="0" status="PASS">
          <reporter-output>
          </reporter-output>
        </test-method> <!-- setupSoftAssert -->
        <test-method signature="verifyRelationshipDetails()[pri:11, instance:tests.CusRegTest@49edcb30]" started-at="2026-03-26T10:29:07 NPT" name="verifyRelationshipDetails" description="Verify Relationship Master" finished-at="2026-03-26T10:29:21 NPT" duration-ms="13561" status="PASS">
          <reporter-output>
          </reporter-output>
        </test-method> <!-- verifyRelationshipDetails -->
        <test-method is-config="true" signature="initSoftAssert()[pri:0, instance:tests.CusRegTest@49edcb30]" started-at="2026-03-26T10:29:21 NPT" name="initSoftAssert" finished-at="2026-03-26T10:29:21 NPT" duration-ms="0" status="PASS">
          <reporter-output>
          </reporter-output>
        </test-method> <!-- initSoftAssert -->
        <test-method is-config="true" signature="setupSoftAssert()[pri:0, instance:tests.CusRegTest@49edcb30]" started-at="2026-03-26T10:29:21 NPT" name="setupSoftAssert" finished-at="2026-03-26T10:29:21 NPT" duration-ms="0" status="PASS">
          <reporter-output>
          </reporter-output>
        </test-method> <!-- setupSoftAssert -->
        <test-method signature="verifyRelationshipIdentity()[pri:12, instance:tests.CusRegTest@49edcb30]" started-at="2026-03-26T10:29:21 NPT" name="verifyRelationshipIdentity" description="Verify Relationship Identity" finished-at="2026-03-26T10:29:23 NPT" duration-ms="2608" status="PASS">
          <reporter-output>
          </reporter-output>
        </test-method> <!-- verifyRelationshipIdentity -->
        <test-method is-config="true" signature="initSoftAssert()[pri:0, instance:tests.CusRegTest@49edcb30]" started-at="2026-03-26T10:29:23 NPT" name="initSoftAssert" finished-at="2026-03-26T10:29:23 NPT" duration-ms="0" status="PASS">
          <reporter-output>
          </reporter-output>
        </test-method> <!-- initSoftAssert -->
        <test-method is-config="true" signature="setupSoftAssert()[pri:0, instance:tests.CusRegTest@49edcb30]" started-at="2026-03-26T10:29:23 NPT" name="setupSoftAssert" finished-at="2026-03-26T10:29:23 NPT" duration-ms="1" status="PASS">
          <reporter-output>
          </reporter-output>
        </test-method> <!-- setupSoftAssert -->
        <test-method signature="verifyRelationshipCommunication()[pri:13, instance:tests.CusRegTest@49edcb30]" started-at="2026-03-26T10:29:23 NPT" name="verifyRelationshipCommunication" description="Verify Relationship Communication" finished-at="2026-03-26T10:29:26 NPT" duration-ms="2280" status="PASS">
          <reporter-output>
          </reporter-output>
        </test-method> <!-- verifyRelationshipCommunication -->
        <test-method is-config="true" signature="initSoftAssert()[pri:0, instance:tests.CusRegTest@49edcb30]" started-at="2026-03-26T10:29:26 NPT" name="initSoftAssert" finished-at="2026-03-26T10:29:26 NPT" duration-ms="5" status="PASS">
          <reporter-output>
          </reporter-output>
        </test-method> <!-- initSoftAssert -->
        <test-method is-config="true" signature="setupSoftAssert()[pri:0, instance:tests.CusRegTest@49edcb30]" started-at="2026-03-26T10:29:26 NPT" name="setupSoftAssert" finished-at="2026-03-26T10:29:26 NPT" duration-ms="0" status="PASS">
          <reporter-output>
          </reporter-output>
        </test-method> <!-- setupSoftAssert -->
        <test-method signature="verifyRelationshipDocument()[pri:14, instance:tests.CusRegTest@49edcb30]" started-at="2026-03-26T10:29:26 NPT" name="verifyRelationshipDocument" description="Verify Relationship Document" finished-at="2026-03-26T10:29:28 NPT" duration-ms="2257" status="PASS">
          <reporter-output>
          </reporter-output>
        </test-method> <!-- verifyRelationshipDocument -->
        <test-method is-config="true" signature="initSoftAssert()[pri:0, instance:tests.CusRegTest@49edcb30]" started-at="2026-03-26T10:29:28 NPT" name="initSoftAssert" finished-at="2026-03-26T10:29:28 NPT" duration-ms="1" status="PASS">
          <reporter-output>
          </reporter-output>
        </test-method> <!-- initSoftAssert -->
        <test-method is-config="true" signature="setupSoftAssert()[pri:0, instance:tests.CusRegTest@49edcb30]" started-at="2026-03-26T10:29:28 NPT" name="setupSoftAssert" finished-at="2026-03-26T10:29:28 NPT" duration-ms="2" status="PASS">
          <reporter-output>
          </reporter-output>
        </test-method> <!-- setupSoftAssert -->
        <test-method signature="verifyRelationshipAddress()[pri:15, instance:tests.CusRegTest@49edcb30]" started-at="2026-03-26T10:29:28 NPT" name="verifyRelationshipAddress" description="Verify Relationship Address" finished-at="2026-03-26T10:29:30 NPT" duration-ms="2178" status="PASS">
          <reporter-output>
          </reporter-output>
        </test-method> <!-- verifyRelationshipAddress -->
        <test-method is-config="true" signature="initSoftAssert()[pri:0, instance:tests.CusRegTest@49edcb30]" started-at="2026-03-26T10:29:30 NPT" name="initSoftAssert" finished-at="2026-03-26T10:29:30 NPT" duration-ms="2" status="PASS">
          <reporter-output>
          </reporter-output>
        </test-method> <!-- initSoftAssert -->
        <test-method is-config="true" signature="setupSoftAssert()[pri:0, instance:tests.CusRegTest@49edcb30]" started-at="2026-03-26T10:29:30 NPT" name="setupSoftAssert" finished-at="2026-03-26T10:29:30 NPT" duration-ms="0" status="PASS">
          <reporter-output>
          </reporter-output>
        </test-method> <!-- setupSoftAssert -->
        <test-method signature="verifyRelationshipPhoto()[pri:16, instance:tests.CusRegTest@49edcb30]" started-at="2026-03-26T10:29:30 NPT" name="verifyRelationshipPhoto" description="Verify Relationship Photo" finished-at="2026-03-26T10:29:32 NPT" duration-ms="2138" status="PASS">
          <reporter-output>
          </reporter-output>
        </test-method> <!-- verifyRelationshipPhoto -->
        <test-method is-config="true" signature="tearDown()[pri:0, instance:tests.CusRegTest@49edcb30]" started-at="2026-03-26T10:29:32 NPT" name="tearDown" finished-at="2026-03-26T10:29:35 NPT" duration-ms="2352" status="PASS">
          <reporter-output>
          </reporter-output>
        </test-method> <!-- tearDown -->
      </class> <!-- tests.CusRegTest -->
      <class name="tests.CorporateCustRegTest">
        <test-method is-config="true" signature="setUp()[pri:0, instance:tests.CorporateCustRegTest@45a1d057]" started-at="2026-03-26T10:29:35 NPT" name="setUp" finished-at="2026-03-26T10:29:51 NPT" duration-ms="16117" status="PASS">
          <reporter-output>
          </reporter-output>
        </test-method> <!-- setUp -->
        <test-method is-config="true" signature="pageSetup()[pri:0, instance:tests.CorporateCustRegTest@45a1d057]" started-at="2026-03-26T10:29:51 NPT" name="pageSetup" finished-at="2026-03-26T10:29:51 NPT" duration-ms="10" status="PASS">
          <reporter-output>
          </reporter-output>
        </test-method> <!-- pageSetup -->
        <test-method is-config="true" signature="initSoftAssert()[pri:0, instance:tests.CorporateCustRegTest@45a1d057]" started-at="2026-03-26T10:29:51 NPT" name="initSoftAssert" finished-at="2026-03-26T10:29:51 NPT" duration-ms="2" status="PASS">
          <reporter-output>
          </reporter-output>
        </test-method> <!-- initSoftAssert -->
        <test-method is-config="true" signature="setupSoftAssert()[pri:0, instance:tests.CorporateCustRegTest@45a1d057]" started-at="2026-03-26T10:29:51 NPT" name="setupSoftAssert" finished-at="2026-03-26T10:29:51 NPT" duration-ms="1" status="PASS">
          <reporter-output>
          </reporter-output>
        </test-method> <!-- setupSoftAssert -->
        <test-method signature="verifyCorporateCustomerRegistration()[pri:1, instance:tests.CorporateCustRegTest@45a1d057]" started-at="2026-03-26T10:29:51 NPT" name="verifyCorporateCustomerRegistration" description="Verify Corporate Customer Registration" finished-at="2026-03-26T10:30:07 NPT" duration-ms="15817" status="PASS">
          <reporter-output>
          </reporter-output>
        </test-method> <!-- verifyCorporateCustomerRegistration -->
        <test-method is-config="true" signature="initSoftAssert()[pri:0, instance:tests.CorporateCustRegTest@45a1d057]" started-at="2026-03-26T10:30:07 NPT" name="initSoftAssert" finished-at="2026-03-26T10:30:07 NPT" duration-ms="1" status="PASS">
          <reporter-output>
          </reporter-output>
        </test-method> <!-- initSoftAssert -->
        <test-method is-config="true" signature="setupSoftAssert()[pri:0, instance:tests.CorporateCustRegTest@45a1d057]" started-at="2026-03-26T10:30:07 NPT" name="setupSoftAssert" finished-at="2026-03-26T10:30:07 NPT" duration-ms="2" status="PASS">
          <reporter-output>
          </reporter-output>
        </test-method> <!-- setupSoftAssert -->
        <test-method signature="verifyIdentityDetails()[pri:2, instance:tests.CorporateCustRegTest@45a1d057]" started-at="2026-03-26T10:30:07 NPT" name="verifyIdentityDetails" description="Verify Identity Details" finished-at="2026-03-26T10:30:18 NPT" duration-ms="11353" status="PASS">
          <reporter-output>
          </reporter-output>
        </test-method> <!-- verifyIdentityDetails -->
        <test-method is-config="true" signature="initSoftAssert()[pri:0, instance:tests.CorporateCustRegTest@45a1d057]" started-at="2026-03-26T10:30:18 NPT" name="initSoftAssert" finished-at="2026-03-26T10:30:18 NPT" duration-ms="0" status="PASS">
          <reporter-output>
          </reporter-output>
        </test-method> <!-- initSoftAssert -->
        <test-method is-config="true" signature="setupSoftAssert()[pri:0, instance:tests.CorporateCustRegTest@45a1d057]" started-at="2026-03-26T10:30:18 NPT" name="setupSoftAssert" finished-at="2026-03-26T10:30:18 NPT" duration-ms="0" status="PASS">
          <reporter-output>
          </reporter-output>
        </test-method> <!-- setupSoftAssert -->
        <test-method signature="verifyCommunicationDetails()[pri:3, instance:tests.CorporateCustRegTest@45a1d057]" started-at="2026-03-26T10:30:18 NPT" name="verifyCommunicationDetails" description="Verify Communication Details" finished-at="2026-03-26T10:30:29 NPT" duration-ms="11087" status="PASS">
          <reporter-output>
          </reporter-output>
        </test-method> <!-- verifyCommunicationDetails -->
        <test-method is-config="true" signature="initSoftAssert()[pri:0, instance:tests.CorporateCustRegTest@45a1d057]" started-at="2026-03-26T10:30:29 NPT" name="initSoftAssert" finished-at="2026-03-26T10:30:29 NPT" duration-ms="0" status="PASS">
          <reporter-output>
          </reporter-output>
        </test-method> <!-- initSoftAssert -->
        <test-method is-config="true" signature="setupSoftAssert()[pri:0, instance:tests.CorporateCustRegTest@45a1d057]" started-at="2026-03-26T10:30:29 NPT" name="setupSoftAssert" finished-at="2026-03-26T10:30:29 NPT" duration-ms="2" status="PASS">
          <reporter-output>
          </reporter-output>
        </test-method> <!-- setupSoftAssert -->
        <test-method signature="verifyDocumentDetails()[pri:4, instance:tests.CorporateCustRegTest@45a1d057]" started-at="2026-03-26T10:30:29 NPT" name="verifyDocumentDetails" description="Verify Document Details" finished-at="2026-03-26T10:30:33 NPT" duration-ms="4008" status="PASS">
          <reporter-output>
          </reporter-output>
        </test-method> <!-- verifyDocumentDetails -->
        <test-method is-config="true" signature="initSoftAssert()[pri:0, instance:tests.CorporateCustRegTest@45a1d057]" started-at="2026-03-26T10:30:33 NPT" name="initSoftAssert" finished-at="2026-03-26T10:30:33 NPT" duration-ms="1" status="PASS">
          <reporter-output>
          </reporter-output>
        </test-method> <!-- initSoftAssert -->
        <test-method is-config="true" signature="setupSoftAssert()[pri:0, instance:tests.CorporateCustRegTest@45a1d057]" started-at="2026-03-26T10:30:33 NPT" name="setupSoftAssert" finished-at="2026-03-26T10:30:33 NPT" duration-ms="0" status="PASS">
          <reporter-output>
          </reporter-output>
        </test-method> <!-- setupSoftAssert -->
        <test-method signature="verifyAddressDetails()[pri:5, instance:tests.CorporateCustRegTest@45a1d057]" started-at="2026-03-26T10:30:33 NPT" name="verifyAddressDetails" description="Verify Address Details" finished-at="2026-03-26T10:31:00 NPT" duration-ms="26885" status="PASS">
          <reporter-output>
          </reporter-output>
        </test-method> <!-- verifyAddressDetails -->
        <test-method signature="verifyHighProfileDetails()[pri:6, instance:tests.CorporateCustRegTest@45a1d057]" started-at="2026-03-26T10:31:00 NPT" name="verifyHighProfileDetails" description="Verify High Profile Details" finished-at="2026-03-26T10:31:39 NPT" duration-ms="39312" status="PASS">
          <reporter-output>
          </reporter-output>
        </test-method> <!-- verifyHighProfileDetails -->
        <test-method is-config="true" signature="initSoftAssert()[pri:0, instance:tests.CorporateCustRegTest@45a1d057]" started-at="2026-03-26T10:31:00 NPT" name="initSoftAssert" finished-at="2026-03-26T10:31:00 NPT" duration-ms="0" status="PASS">
          <reporter-output>
          </reporter-output>
        </test-method> <!-- initSoftAssert -->
        <test-method is-config="true" signature="setupSoftAssert()[pri:0, instance:tests.CorporateCustRegTest@45a1d057]" started-at="2026-03-26T10:31:00 NPT" name="setupSoftAssert" finished-at="2026-03-26T10:31:00 NPT" duration-ms="0" status="PASS">
          <reporter-output>
          </reporter-output>
        </test-method> <!-- setupSoftAssert -->
        <test-method is-config="true" signature="initSoftAssert()[pri:0, instance:tests.CorporateCustRegTest@45a1d057]" started-at="2026-03-26T10:31:39 NPT" name="initSoftAssert" finished-at="2026-03-26T10:31:39 NPT" duration-ms="0" status="PASS">
          <reporter-output>
          </reporter-output>
        </test-method> <!-- initSoftAssert -->
        <test-method is-config="true" signature="setupSoftAssert()[pri:0, instance:tests.CorporateCustRegTest@45a1d057]" started-at="2026-03-26T10:31:39 NPT" name="setupSoftAssert" finished-at="2026-03-26T10:31:39 NPT" duration-ms="1" status="PASS">
          <reporter-output>
          </reporter-output>
        </test-method> <!-- setupSoftAssert -->
        <test-method signature="verifyTransactionDetails()[pri:7, instance:tests.CorporateCustRegTest@45a1d057]" started-at="2026-03-26T10:31:39 NPT" name="verifyTransactionDetails" description="Verify Transaction Details" finished-at="2026-03-26T10:31:43 NPT" duration-ms="3463" status="PASS">
          <reporter-output>
          </reporter-output>
        </test-method> <!-- verifyTransactionDetails -->
        <test-method is-config="true" signature="initSoftAssert()[pri:0, instance:tests.CorporateCustRegTest@45a1d057]" started-at="2026-03-26T10:31:43 NPT" name="initSoftAssert" finished-at="2026-03-26T10:31:43 NPT" duration-ms="6" status="PASS">
          <reporter-output>
          </reporter-output>
        </test-method> <!-- initSoftAssert -->
        <test-method is-config="true" signature="setupSoftAssert()[pri:0, instance:tests.CorporateCustRegTest@45a1d057]" started-at="2026-03-26T10:31:43 NPT" name="setupSoftAssert" finished-at="2026-03-26T10:31:43 NPT" duration-ms="0" status="PASS">
          <reporter-output>
          </reporter-output>
        </test-method> <!-- setupSoftAssert -->
        <test-method signature="verifyCashFlowDetails()[pri:8, instance:tests.CorporateCustRegTest@45a1d057]" started-at="2026-03-26T10:31:43 NPT" name="verifyCashFlowDetails" description="Verify Cash Flow Details" finished-at="2026-03-26T10:31:52 NPT" duration-ms="9502" status="PASS">
          <reporter-output>
          </reporter-output>
        </test-method> <!-- verifyCashFlowDetails -->
        <test-method is-config="true" signature="setupSoftAssert()[pri:0, instance:tests.CorporateCustRegTest@45a1d057]" started-at="2026-03-26T10:31:52 NPT" name="setupSoftAssert" finished-at="2026-03-26T10:31:52 NPT" duration-ms="3" status="PASS">
          <reporter-output>
          </reporter-output>
        </test-method> <!-- setupSoftAssert -->
        <test-method is-config="true" signature="initSoftAssert()[pri:0, instance:tests.CorporateCustRegTest@45a1d057]" started-at="2026-03-26T10:31:52 NPT" name="initSoftAssert" finished-at="2026-03-26T10:31:52 NPT" duration-ms="0" status="PASS">
          <reporter-output>
          </reporter-output>
        </test-method> <!-- initSoftAssert -->
        <test-method signature="verifyExposureDetails()[pri:9, instance:tests.CorporateCustRegTest@45a1d057]" started-at="2026-03-26T10:31:52 NPT" name="verifyExposureDetails" description="Verify Exposure Details" finished-at="2026-03-26T10:32:03 NPT" duration-ms="10300" status="PASS">
          <reporter-output>
          </reporter-output>
        </test-method> <!-- verifyExposureDetails -->
        <test-method is-config="true" signature="initSoftAssert()[pri:0, instance:tests.CorporateCustRegTest@45a1d057]" started-at="2026-03-26T10:32:03 NPT" name="initSoftAssert" finished-at="2026-03-26T10:32:03 NPT" duration-ms="0" status="PASS">
          <reporter-output>
          </reporter-output>
        </test-method> <!-- initSoftAssert -->
        <test-method is-config="true" signature="setupSoftAssert()[pri:0, instance:tests.CorporateCustRegTest@45a1d057]" started-at="2026-03-26T10:32:03 NPT" name="setupSoftAssert" finished-at="2026-03-26T10:32:03 NPT" duration-ms="2" status="PASS">
          <reporter-output>
          </reporter-output>
        </test-method> <!-- setupSoftAssert -->
        <test-method signature="verifyRelationshipDetails()[pri:10, instance:tests.CorporateCustRegTest@45a1d057]" started-at="2026-03-26T10:32:03 NPT" name="verifyRelationshipDetails" description="Verify Relationship Master" finished-at="2026-03-26T10:32:30 NPT" duration-ms="27471" status="PASS">
          <reporter-output>
          </reporter-output>
        </test-method> <!-- verifyRelationshipDetails -->
        <test-method is-config="true" signature="initSoftAssert()[pri:0, instance:tests.CorporateCustRegTest@45a1d057]" started-at="2026-03-26T10:32:30 NPT" name="initSoftAssert" finished-at="2026-03-26T10:32:30 NPT" duration-ms="3" status="PASS">
          <reporter-output>
          </reporter-output>
        </test-method> <!-- initSoftAssert -->
        <test-method is-config="true" signature="setupSoftAssert()[pri:0, instance:tests.CorporateCustRegTest@45a1d057]" started-at="2026-03-26T10:32:30 NPT" name="setupSoftAssert" finished-at="2026-03-26T10:32:30 NPT" duration-ms="0" status="PASS">
          <reporter-output>
          </reporter-output>
        </test-method> <!-- setupSoftAssert -->
        <test-method signature="verifyRelationshipIdentity()[pri:11, instance:tests.CorporateCustRegTest@45a1d057]" started-at="2026-03-26T10:32:30 NPT" name="verifyRelationshipIdentity" description="Verify Relationship Identity" finished-at="2026-03-26T10:32:50 NPT" duration-ms="19792" status="PASS">
          <reporter-output>
          </reporter-output>
        </test-method> <!-- verifyRelationshipIdentity -->
        <test-method is-config="true" signature="initSoftAssert()[pri:0, instance:tests.CorporateCustRegTest@45a1d057]" started-at="2026-03-26T10:32:50 NPT" name="initSoftAssert" finished-at="2026-03-26T10:32:50 NPT" duration-ms="0" status="PASS">
          <reporter-output>
          </reporter-output>
        </test-method> <!-- initSoftAssert -->
        <test-method is-config="true" signature="setupSoftAssert()[pri:0, instance:tests.CorporateCustRegTest@45a1d057]" started-at="2026-03-26T10:32:50 NPT" name="setupSoftAssert" finished-at="2026-03-26T10:32:50 NPT" duration-ms="0" status="PASS">
          <reporter-output>
          </reporter-output>
        </test-method> <!-- setupSoftAssert -->
        <test-method signature="verifyRelationshipCommunication()[pri:12, instance:tests.CorporateCustRegTest@45a1d057]" started-at="2026-03-26T10:32:50 NPT" name="verifyRelationshipCommunication" description="Verify Relationship Communication" finished-at="2026-03-26T10:33:00 NPT" duration-ms="9424" status="PASS">
          <reporter-output>
          </reporter-output>
        </test-method> <!-- verifyRelationshipCommunication -->
        <test-method is-config="true" signature="initSoftAssert()[pri:0, instance:tests.CorporateCustRegTest@45a1d057]" started-at="2026-03-26T10:33:00 NPT" name="initSoftAssert" finished-at="2026-03-26T10:33:00 NPT" duration-ms="0" status="PASS">
          <reporter-output>
          </reporter-output>
        </test-method> <!-- initSoftAssert -->
        <test-method is-config="true" signature="setupSoftAssert()[pri:0, instance:tests.CorporateCustRegTest@45a1d057]" started-at="2026-03-26T10:33:00 NPT" name="setupSoftAssert" finished-at="2026-03-26T10:33:00 NPT" duration-ms="3" status="PASS">
          <reporter-output>
          </reporter-output>
        </test-method> <!-- setupSoftAssert -->
        <test-method signature="verifyRelationshipDocument()[pri:13, instance:tests.CorporateCustRegTest@45a1d057]" started-at="2026-03-26T10:33:00 NPT" name="verifyRelationshipDocument" description="Verify Relationship Document" finished-at="2026-03-26T10:33:17 NPT" duration-ms="17898" status="PASS">
          <reporter-output>
          </reporter-output>
        </test-method> <!-- verifyRelationshipDocument -->
        <test-method is-config="true" signature="initSoftAssert()[pri:0, instance:tests.CorporateCustRegTest@45a1d057]" started-at="2026-03-26T10:33:17 NPT" name="initSoftAssert" finished-at="2026-03-26T10:33:17 NPT" duration-ms="3" status="PASS">
          <reporter-output>
          </reporter-output>
        </test-method> <!-- initSoftAssert -->
        <test-method is-config="true" signature="setupSoftAssert()[pri:0, instance:tests.CorporateCustRegTest@45a1d057]" started-at="2026-03-26T10:33:17 NPT" name="setupSoftAssert" finished-at="2026-03-26T10:33:17 NPT" duration-ms="4" status="PASS">
          <reporter-output>
          </reporter-output>
        </test-method> <!-- setupSoftAssert -->
        <test-method signature="verifyRelationshipAddress()[pri:14, instance:tests.CorporateCustRegTest@45a1d057]" started-at="2026-03-26T10:33:17 NPT" name="verifyRelationshipAddress" description="Verify Relationship Address" finished-at="2026-03-26T10:33:47 NPT" duration-ms="29246" status="PASS">
          <reporter-output>
          </reporter-output>
        </test-method> <!-- verifyRelationshipAddress -->
        <test-method is-config="true" signature="initSoftAssert()[pri:0, instance:tests.CorporateCustRegTest@45a1d057]" started-at="2026-03-26T10:33:47 NPT" name="initSoftAssert" finished-at="2026-03-26T10:33:47 NPT" duration-ms="2" status="PASS">
          <reporter-output>
          </reporter-output>
        </test-method> <!-- initSoftAssert -->
        <test-method is-config="true" signature="setupSoftAssert()[pri:0, instance:tests.CorporateCustRegTest@45a1d057]" started-at="2026-03-26T10:33:47 NPT" name="setupSoftAssert" finished-at="2026-03-26T10:33:47 NPT" duration-ms="0" status="PASS">
          <reporter-output>
          </reporter-output>
        </test-method> <!-- setupSoftAssert -->
        <test-method signature="verifyRelationshipPhoto()[pri:15, instance:tests.CorporateCustRegTest@45a1d057]" started-at="2026-03-26T10:33:47 NPT" name="verifyRelationshipPhoto" description="Verify Relationship Photo" finished-at="2026-03-26T10:33:53 NPT" duration-ms="6606" status="PASS">
          <reporter-output>
          </reporter-output>
        </test-method> <!-- verifyRelationshipPhoto -->
        <test-method is-config="true" signature="tearDown()[pri:0, instance:tests.CorporateCustRegTest@45a1d057]" started-at="2026-03-26T10:33:53 NPT" name="tearDown" finished-at="2026-03-26T10:33:55 NPT" duration-ms="1261" status="PASS">
          <reporter-output>
          </reporter-output>
        </test-method> <!-- tearDown -->
      </class> <!-- tests.CorporateCustRegTest -->
    </test> <!-- Chrome Test -->
  </suite> <!-- Suite -->
</testng-results>
